SF:lib/models/project_model.dart
DA:7,1
DA:14,4
DA:16,4
DA:18,1
DA:19,2
DA:20,2
LF:6
LH:6
end_of_record
SF:lib/ui/components/bottom_button.dart
DA:7,2
DA:8,2
DA:9,2
DA:11,2
DA:12,2
DA:13,2
DA:16,2
DA:19,2
DA:20,2
LF:9
LH:9
end_of_record
SF:lib/ui/components/bottom_game.dart
DA:10,2
DA:12,2
DA:13,2
DA:21,1
DA:22,2
DA:23,4
DA:26,2
DA:30,1
DA:31,2
DA:32,3
DA:35,2
DA:39,1
DA:40,3
DA:41,2
DA:42,3
DA:43,1
DA:44,2
DA:47,1
DA:48,3
DA:49,1
DA:50,1
DA:53,2
DA:56,2
DA:61,2
DA:63,2
DA:64,2
DA:66,1
DA:67,1
DA:68,1
DA:69,1
DA:70,1
DA:71,1
DA:72,1
DA:75,2
DA:76,2
DA:77,2
DA:79,6
DA:81,2
DA:82,2
DA:84,2
DA:86,2
DA:87,2
DA:89,1
DA:90,1
DA:92,2
DA:94,1
DA:95,1
DA:97,2
DA:99,1
DA:100,1
LF:50
LH:50
end_of_record
SF:lib/ui/components/box_main.dart
DA:4,2
DA:8,2
DA:13,2
DA:15,2
DA:17,2
DA:18,2
DA:19,2
DA:20,6
DA:21,2
DA:23,2
LF:10
LH:10
end_of_record
SF:lib/ui/components/custom_button.dart
DA:9,2
DA:15,2
DA:17,2
DA:19,2
DA:20,2
DA:21,4
DA:25,2
DA:26,4
DA:27,2
DA:36,2
DA:37,2
DA:38,2
DA:39,2
DA:40,2
DA:41,2
DA:42,2
DA:43,2
DA:45,4
LF:18
LH:18
end_of_record
SF:lib/ui/components/grid_projects.dart
DA:11,2
DA:16,2
DA:18,2
DA:51,2
DA:52,4
DA:53,2
DA:56,1
DA:62,2
DA:63,2
DA:68,2
DA:71,2
DA:72,2
DA:73,2
DA:78,2
DA:79,2
DA:80,2
DA:81,2
DA:82,2
DA:83,2
DA:84,2
DA:85,8
LF:21
LH:21
end_of_record
SF:lib/ui/components/projects_box.dart
DA:11,2
DA:18,2
DA:20,2
DA:22,2
DA:33,2
DA:35,2
DA:36,2
DA:37,2
DA:38,4
DA:42,2
DA:43,1
DA:45,1
DA:46,1
DA:47,2
DA:51,1
DA:52,1
DA:53,1
DA:59,2
DA:61,2
DA:64,2
DA:65,2
DA:66,2
DA:67,2
DA:68,2
DA:69,2
DA:72,1
DA:73,1
DA:86,2
DA:87,2
DA:91,8
LF:30
LH:30
end_of_record
SF:lib/utils/screen_utils.dart
DA:5,2
DA:6,2
DA:9,2
DA:10,4
DA:12,2
DA:15,2
DA:19,2
DA:23,2
LF:8
LH:8
end_of_record
SF:lib/ui/components/markdown_viewer.dart
DA:9,2
DA:12,2
DA:14,0
DA:15,0
DA:16,0
DA:17,0
DA:18,0
DA:22,2
DA:24,2
DA:25,6
DA:26,2
DA:27,4
DA:36,2
DA:37,0
DA:38,0
DA:43,2
DA:44,6
DA:45,2
DA:50,6
DA:57,2
DA:58,2
DA:60,0
DA:61,4
DA:63,2
DA:64,2
DA:65,2
DA:67,2
DA:71,2
DA:72,2
LF:29
LH:21
end_of_record
SF:lib/ui/main_screen.dart
DA:12,0
DA:14,2
DA:16,2
DA:24,2
DA:25,4
DA:26,2
DA:27,2
DA:31,0
DA:32,0
DA:33,0
DA:34,0
DA:38,2
DA:39,4
DA:40,2
DA:41,2
DA:45,2
DA:46,2
DA:48,2
DA:49,2
DA:51,2
DA:53,8
DA:57,2
DA:62,2
DA:64,2
DA:67,8
DA:71,1
DA:73,1
DA:74,1
DA:75,1
DA:77,0
DA:84,2
DA:86,2
DA:88,8
DA:92,1
DA:93,1
DA:94,1
DA:95,1
DA:97,0
DA:104,2
DA:106,2
DA:108,8
DA:112,1
DA:113,1
DA:114,1
DA:115,1
DA:117,0
DA:125,2
DA:126,2
DA:128,2
DA:129,2
DA:131,2
DA:133,8
DA:137,2
DA:140,4
DA:145,2
DA:146,2
DA:147,2
DA:149,2
DA:151,2
DA:152,2
DA:154,2
DA:156,2
DA:157,2
DA:159,2
DA:162,2
DA:164,8
DA:169,2
DA:172,2
DA:174,2
DA:176,2
DA:177,2
DA:179,8
DA:184,1
DA:185,2
DA:186,1
DA:187,1
DA:196,4
DA:197,2
DA:198,2
DA:200,2
DA:203,2
DA:205,2
DA:206,2
DA:215,2
DA:220,0
DA:231,2
DA:233,2
DA:234,2
DA:235,2
DA:236,2
DA:237,2
DA:239,2
DA:240,2
DA:242,2
DA:243,2
DA:245,2
DA:259,2
DA:262,8
DA:267,2
DA:269,2
DA:272,8
DA:278,2
DA:282,2
DA:283,2
DA:289,2
DA:291,2
DA:292,2
DA:295,2
LF:108
LH:99
end_of_record
SF:lib/main.dart
DA:5,0
DA:6,0
DA:10,2
DA:13,1
DA:15,1
DA:19,1
DA:23,1
DA:24,1
DA:25,1
DA:26,1
LF:10
LH:8
end_of_record
SF:lib/ui/middle_screen/main_content_screen.dart
DA:4,2
DA:6,1
DA:8,1
LF:3
LH:3
end_of_record
SF:lib/ui/middle_screen/projects_screen.dart
DA:5,2
DA:7,1
DA:8,1
DA:12,1
DA:14,1
DA:15,1
DA:16,1
DA:17,1
DA:28,1
DA:30,1
DA:31,1
DA:32,0
DA:36,1
DA:39,1
LF:14
LH:13
end_of_record
SF:lib/ui/project_detail_screen.dart
DA:9,1
DA:15,1
DA:17,1
DA:18,1
DA:20,2
DA:21,1
DA:23,0
DA:24,0
DA:28,1
DA:30,1
DA:31,1
DA:32,1
DA:33,3
DA:40,0
LF:14
LH:11
end_of_record
